============================= test session starts =============================
platform win32 -- Python 3.10.11, pytest-9.0.2, pluggy-1.6.0
rootdir: C:\Users\sudha\source\repos\Shiro-yaksha20\Billing-Management-System
configfile: pytest.ini (WARNING: ignoring pytest config in pyproject.toml!)
testpaths: tests
plugins: anyio-4.8.0, cov-7.0.0
collected 189 items

tests\e2e\test_billing_flow.py .                                         [  0%]
tests\integration\test_backup_restore.py .......                         [  4%]
tests\integration\test_pdf_generation.py .                               [  4%]
tests\test_csv_import.py .                                               [  5%]
tests\unit\test_backup_service.py .......                                [  8%]
tests\unit\test_billing_service.py ......................                [ 20%]
tests\unit\test_cloud_drive.py ..............                            [ 28%]
tests\unit\test_crypto.py ....                                           [ 30%]
tests\unit\test_csv_service_importer.py ................                 [ 38%]
tests\unit\test_customer_service.py .................                    [ 47%]
tests\unit\test_database.py ...                                          [ 49%]
tests\unit\test_logging.py .....                                         [ 51%]
tests\unit\test_migrations.py ...........                                [ 57%]
tests\unit\test_notification_service.py ..                               [ 58%]
tests\unit\test_pdf_generator.py ..........                              [ 64%]
tests\unit\test_report_service.py .......                                [ 67%]
tests\unit\test_repository_layer.py ...........                          [ 73%]
tests\unit\test_restore_service.py ........                              [ 77%]
tests\unit\test_service_catalog.py ...........                           [ 83%]
tests\unit\test_settings_service.py .......                              [ 87%]
tests\unit\test_staff_service.py ...........                             [ 93%]
tests\unit\test_ui_helpers.py ....                                       [ 95%]
tests\unit\test_whatsapp_client.py .........                             [100%]

============================ 189 passed in 11.18s =============================
